<?xml version="1.0" encoding="UTF-8"?>
<!-- Generated by org.testng.reporters.JUnitXMLReporter -->
<testsuite hostname="LKSRIWL-GNF19H2" name="Default test" tests="17" failures="0" timestamp="14 Nov 2018 07:17:18 GMT" time="8.608" errors="0">
  <testcase name="checkValidationForInvalidProductIDWhenEdit" time="2.107" classname="com.N26.BestBuy.Products.Products"/>
  <testcase name="verifyCreatedProductDetails" time="0.976" classname="com.N26.BestBuy.Products.Products"/>
  <testcase name="verifyProductCannotCreateWithNameAsnull" time="0.094" classname="com.N26.BestBuy.Products.Products"/>
  <testcase name="verifyProductDetailsAfterEdit" time="0.212" classname="com.N26.BestBuy.Products.Products"/>
  <testcase name="verifyProductDetailsDisplayCorrectly" time="0.236" classname="com.N26.BestBuy.Products.Products"/>
  <testcase name="verifyProductLoadingSkippingAccordingToGivenNumber" time="3.058" classname="com.N26.BestBuy.Products.Products"/>
  <testcase name="verifyProoductsLoadAccordingToLimit" time="0.335" classname="com.N26.BestBuy.Products.Products"/>
  <testcase name="verifyServiceAllowsToCreateProductWithSameDataSet" time="0.112" classname="com.N26.BestBuy.Products.Products"/>
  <testcase name="verifyServiceAllowsToGetProducts" time="0.355" classname="com.N26.BestBuy.Products.Products"/>
  <testcase name="verifyServiceNotAllowsToCreateProductWithoutValues" time="0.064" classname="com.N26.BestBuy.Products.Products"/>
  <testcase name="verifyServiceNotAllowsToCreateWithoutName" time="0.072" classname="com.N26.BestBuy.Products.Products"/>
  <testcase name="verifyServiceNotAllowsToCreateWithoutType" time="0.039" classname="com.N26.BestBuy.Products.Products"/>
  <testcase name="verifyStatusCodeAfterCreateProduct" time="0.055" classname="com.N26.BestBuy.Products.Products"/>
  <testcase name="verifyThatServiceAllowsToDeleteAProduct" time="0.102" classname="com.N26.BestBuy.Products.Products"/>
  <testcase name="verifyThatServiceValidateTheWrongProductID" time="0.02" classname="com.N26.BestBuy.Products.Products"/>
  <testcase name="verifyTheValidationWhenDeleteAlreadyDeletedproduct" time="0.088" classname="com.N26.BestBuy.Products.Products"/>
  <testcase name="verifyValidationWhenTryToDeleteNotExistingProductId" time="0.03" classname="com.N26.BestBuy.Products.Products"/>
</testsuite> <!-- Default test -->
