<?xml version="1.0" encoding="UTF-8"?>
<testng-results skipped="0" failed="0" total="1" passed="1">
  <reporter-output>
  </reporter-output>
  <suite name="Default suite" duration-ms="4680" started-at="2018-11-14T06:16:20Z" finished-at="2018-11-14T06:16:25Z">
    <groups>
    </groups>
    <test name="Default test" duration-ms="4680" started-at="2018-11-14T06:16:20Z" finished-at="2018-11-14T06:16:25Z">
      <class name="com.N26.BestBuy.Products.Products">
        <test-method status="PASS" signature="setup()[pri:0, instance:com.N26.BestBuy.Products.Products@cc285f4]" name="setup" is-config="true" duration-ms="536" started-at="2018-11-14T11:46:20Z" finished-at="2018-11-14T11:46:21Z">
          <reporter-output>
          </reporter-output>
        </test-method> <!-- setup -->
        <test-method status="PASS" signature="verifyProductLoadingSkippingAccordingToGivenNumber()[pri:0, instance:com.N26.BestBuy.Products.Products@cc285f4]" name="verifyProductLoadingSkippingAccordingToGivenNumber" duration-ms="4112" started-at="2018-11-14T11:46:21Z" finished-at="2018-11-14T11:46:25Z">
          <reporter-output>
          </reporter-output>
        </test-method> <!-- verifyProductLoadingSkippingAccordingToGivenNumber -->
      </class> <!-- com.N26.BestBuy.Products.Products -->
    </test> <!-- Default test -->
  </suite> <!-- Default suite -->
</testng-results>
